# JRE version: Java(TM) SE Runtime Environment (8.0_25-b18) (build 1.8.0_25-b18)
# Java VM: Java HotSpot(TM) 64-Bit Server VM (25.25-b02 mixed mode windows-amd64 compressed oops)
Heap:
 PSYoungGen      total 142336K, used 86239K [0x00000000eab00000, 0x00000000f8000000, 0x0000000100000000)
  eden space 133120K, 61% used [0x00000000eab00000,0x00000000efb30878,0x00000000f2d00000)
  from space 9216K, 44% used [0x00000000f2d00000,0x00000000f3107640,0x00000000f3600000)
  to   space 10240K, 0% used [0x00000000f7600000,0x00000000f7600000,0x00000000f8000000)
 ParOldGen       total 56320K, used 10910K [0x00000000c0000000, 0x00000000c3700000, 0x00000000eab00000)
  object space 56320K, 19% used [0x00000000c0000000,0x00000000c0aa7b30,0x00000000c3700000)
 Metaspace       used 22675K, capacity 22835K, committed 22960K, reserved 1067008K
  class space    used 4488K, capacity 4518K, committed 4528K, reserved 1048576K
GC Heap History (10 events):
Event: 8.754 GC heap before
{Heap before GC invocations=6 (full 0):
 PSYoungGen      total 71680K, used 71664K [0x00000000eab00000, 0x00000000f3f00000, 0x0000000100000000)
  eden space 66560K, 100% used [0x00000000eab00000,0x00000000eec00000,0x00000000eec00000)
  from space 5120K, 99% used [0x00000000eec00000,0x00000000ef0fc030,0x00000000ef100000)
  to   space 9216K, 0% used [0x00000000f3600000,0x00000000f3600000,0x00000000f3f00000)
 ParOldGen       total 87552K, used 11548K [0x00000000c0000000, 0x00000000c5580000, 0x00000000eab00000)
  object space 87552K, 13% used [0x00000000c0000000,0x00000000c0b473f8,0x00000000c5580000)
 Metaspace       used 20418K, capacity 20561K, committed 20736K, reserved 1067008K
  class space    used 3946K, capacity 4000K, committed 4096K, reserved 1048576K
Event: 8.822 GC heap after
Heap after GC invocations=6 (full 0):
 PSYoungGen      total 142336K, used 6180K [0x00000000eab00000, 0x00000000f3f00000, 0x0000000100000000)
  eden space 133120K, 0% used [0x00000000eab00000,0x00000000eab00000,0x00000000f2d00000)
  from space 9216K, 67% used [0x00000000f3600000,0x00000000f3c09060,0x00000000f3f00000)
  to   space 9216K, 0% used [0x00000000f2d00000,0x00000000f2d00000,0x00000000f3600000)
 ParOldGen       total 87552K, used 11548K [0x00000000c0000000, 0x00000000c5580000, 0x00000000eab00000)
  object space 87552K, 13% used [0x00000000c0000000,0x00000000c0b473f8,0x00000000c5580000)
 Metaspace       used 20418K, capacity 20561K, committed 20736K, reserved 1067008K
  class space    used 3946K, capacity 4000K, committed 4096K, reserved 1048576K
}
Event: 9.755 GC heap before
{Heap before GC invocations=7 (full 0):
 PSYoungGen      total 142336K, used 137895K [0x00000000eab00000, 0x00000000f3f00000, 0x0000000100000000)
  eden space 133120K, 98% used [0x00000000eab00000,0x00000000f2ba0d00,0x00000000f2d00000)
  from space 9216K, 67% used [0x00000000f3600000,0x00000000f3c09060,0x00000000f3f00000)
  to   space 9216K, 0% used [0x00000000f2d00000,0x00000000f2d00000,0x00000000f3600000)
 ParOldGen       total 87552K, used 11548K [0x00000000c0000000, 0x00000000c5580000, 0x00000000eab00000)
  object space 87552K, 13% used [0x00000000c0000000,0x00000000c0b473f8,0x00000000c5580000)
 Metaspace       used 21094K, capacity 21201K, committed 21296K, reserved 1067008K
  class space    used 4099K, capacity 4128K, committed 4144K, reserved 1048576K
Event: 9.777 GC heap after
Heap after GC invocations=7 (full 0):
 PSYoungGen      total 142336K, used 2767K [0x00000000eab00000, 0x00000000f3f00000, 0x0000000100000000)
  eden space 133120K, 0% used [0x00000000eab00000,0x00000000eab00000,0x00000000f2d00000)
  from space 9216K, 30% used [0x00000000f2d00000,0x00000000f2fb3f68,0x00000000f3600000)
  to   space 9216K, 0% used [0x00000000f3600000,0x00000000f3600000,0x00000000f3f00000)
 ParOldGen       total 87552K, used 14632K [0x00000000c0000000, 0x00000000c5580000, 0x00000000eab00000)
  object space 87552K, 16% used [0x00000000c0000000,0x00000000c0e4a2a8,0x00000000c5580000)
 Metaspace       used 21094K, capacity 21201K, committed 21296K, reserved 1067008K
  class space    used 4099K, capacity 4128K, committed 4144K, reserved 1048576K
}
Event: 9.777 GC heap before
{Heap before GC invocations=8 (full 1):
 PSYoungGen      total 142336K, used 2767K [0x00000000eab00000, 0x00000000f3f00000, 0x0000000100000000)
  eden space 133120K, 0% used [0x00000000eab00000,0x00000000eab00000,0x00000000f2d00000)
  from space 9216K, 30% used [0x00000000f2d00000,0x00000000f2fb3f68,0x00000000f3600000)
  to   space 9216K, 0% used [0x00000000f3600000,0x00000000f3600000,0x00000000f3f00000)
 ParOldGen       total 87552K, used 14632K [0x00000000c0000000, 0x00000000c5580000, 0x00000000eab00000)
  object space 87552K, 16% used [0x00000000c0000000,0x00000000c0e4a2a8,0x00000000c5580000)
 Metaspace       used 21094K, capacity 21201K, committed 21296K, reserved 1067008K
  class space    used 4099K, capacity 4128K, committed 4144K, reserved 1048576K
Event: 9.955 GC heap after
Heap after GC invocations=8 (full 1):
 PSYoungGen      total 142336K, used 0K [0x00000000eab00000, 0x00000000f3f00000, 0x0000000100000000)
  eden space 133120K, 0% used [0x00000000eab00000,0x00000000eab00000,0x00000000f2d00000)
  from space 9216K, 0% used [0x00000000f2d00000,0x00000000f2d00000,0x00000000f3600000)
  to   space 9216K, 0% used [0x00000000f3600000,0x00000000f3600000,0x00000000f3f00000)
 ParOldGen       total 56320K, used 10894K [0x00000000c0000000, 0x00000000c3700000, 0x00000000eab00000)
  object space 56320K, 19% used [0x00000000c0000000,0x00000000c0aa3b30,0x00000000c3700000)
 Metaspace       used 21094K, capacity 21201K, committed 21296K, reserved 1067008K
  class space    used 4099K, capacity 4128K, committed 4144K, reserved 1048576K
}
Event: 10.530 GC heap before
{Heap before GC invocations=9 (full 1):
 PSYoungGen      total 142336K, used 133120K [0x00000000eab00000, 0x00000000f3f00000, 0x0000000100000000)
  eden space 133120K, 100% used [0x00000000eab00000,0x00000000f2d00000,0x00000000f2d00000)
  from space 9216K, 0% used [0x00000000f2d00000,0x00000000f2d00000,0x00000000f3600000)
  to   space 9216K, 0% used [0x00000000f3600000,0x00000000f3600000,0x00000000f3f00000)
 ParOldGen       total 56320K, used 10894K [0x00000000c0000000, 0x00000000c3700000, 0x00000000eab00000)
  object space 56320K, 19% used [0x00000000c0000000,0x00000000c0aa3b30,0x00000000c3700000)
 Metaspace       used 22134K, capacity 22313K, committed 22576K, reserved 1067008K
  class space    used 4347K, capacity 4388K, committed 4400K, reserved 1048576K
Event: 10.567 GC heap after
Heap after GC invocations=9 (full 1):
 PSYoungGen      total 142336K, used 2624K [0x00000000eab00000, 0x00000000f3f00000, 0x0000000100000000)
  eden space 133120K, 0% used [0x00000000eab00000,0x00000000eab00000,0x00000000f2d00000)
  from space 9216K, 28% used [0x00000000f3600000,0x00000000f3890000,0x00000000f3f00000)
  to   space 9216K, 0% used [0x00000000f2d00000,0x00000000f2d00000,0x00000000f3600000)
 ParOldGen       total 56320K, used 10902K [0x00000000c0000000, 0x00000000c3700000, 0x00000000eab00000)
  object space 56320K, 19% used [0x00000000c0000000,0x00000000c0aa5b30,0x00000000c3700000)
 Metaspace       used 22134K, capacity 22313K, committed 22576K, reserved 1067008K
  class space    used 4347K, capacity 4388K, committed 4400K, reserved 1048576K
}
Event: 10.828 GC heap before
{Heap before GC invocations=10 (full 1):
 PSYoungGen      total 142336K, used 135744K [0x00000000eab00000, 0x00000000f3f00000, 0x0000000100000000)
  eden space 133120K, 100% used [0x00000000eab00000,0x00000000f2d00000,0x00000000f2d00000)
  from space 9216K, 28% used [0x00000000f3600000,0x00000000f3890000,0x00000000f3f00000)
  to   space 9216K, 0% used [0x00000000f2d00000,0x00000000f2d00000,0x00000000f3600000)
 ParOldGen       total 56320K, used 10902K [0x00000000c0000000, 0x00000000c3700000, 0x00000000eab00000)
  object space 56320K, 19% used [0x00000000c0000000,0x00000000c0aa5b30,0x00000000c3700000)
 Metaspace       used 22627K, capacity 22803K, committed 22960K, reserved 1067008K
  class space    used 4471K, capacity 4486K, committed 4528K, reserved 1048576K
Event: 10.868 GC heap after
Heap after GC invocations=10 (full 1):
 PSYoungGen      total 142336K, used 4125K [0x00000000eab00000, 0x00000000f8000000, 0x0000000100000000)
  eden space 133120K, 0% used [0x00000000eab00000,0x00000000eab00000,0x00000000f2d00000)
  from space 9216K, 44% used [0x00000000f2d00000,0x00000000f3107640,0x00000000f3600000)
  to   space 10240K, 0% used [0x00000000f7600000,0x00000000f7600000,0x00000000f8000000)
 ParOldGen       total 56320K, used 10910K [0x00000000c0000000, 0x00000000c3700000, 0x00000000eab00000)
  object space 56320K, 19% used [0x00000000c0000000,0x00000000c0aa7b30,0x00000000c3700000)
 Metaspace       used 22627K, capacity 22803K, committed 22960K, reserved 1067008K
  class space    used 4471K, capacity 4486K, committed 4528K, reserved 1048576K
}

